<?xml version="1.0" encoding="UTF-8"?>
<!-- Generated by org.testng.reporters.JUnitReportReporter -->
<testsuite hostname="DESKTOP-AEI6VM2" failures="0" tests="2" name="com.bd.TestNGExample" time="0.054" errors="0" timestamp="2022-08-21T11:37:11 EDT" skipped="0">
  <testcase classname="com.bd.TestNGExample" name="testCase1" time="0.043"/>
  <system-out/>
  <testcase classname="com.bd.TestNGExample" name="testCase2" time="0.011"/>
  <system-out/>
</testsuite> <!-- com.bd.TestNGExample -->
