<?xml version="1.0" encoding="UTF-8"?>
<!-- Generated by org.testng.reporters.JUnitReportReporter -->
<testsuite hostname="DESKTOP-AEI6VM2" failures="0" tests="1" name="com.bd.Iframe" time="9.021" errors="0" timestamp="2022-08-21T13:17:34 EDT" skipped="0">
  <testcase classname="com.bd.Iframe" name="openUrl" time="9.021"/>
  <system-out/>
</testsuite> <!-- com.bd.Iframe -->
